<?xml version="1.0" encoding="UTF-8"?>
<testng-results skipped="0" failed="0" ignored="0" total="1" passed="1">
  <reporter-output>
  </reporter-output>
  <suite name="Default suite" duration-ms="9144" started-at="2021-02-10T11:06:16 IST" finished-at="2021-02-10T11:06:25 IST">
    <groups>
    </groups>
    <test name="Default test" duration-ms="9144" started-at="2021-02-10T11:06:16 IST" finished-at="2021-02-10T11:06:25 IST">
      <class name="com.petstore.storeequests.OrderPetTest">
        <test-method status="PASS" signature="setUp()[pri:0, instance:com.petstore.storeequests.OrderPetTest@5f3b9c57]" name="setUp" is-config="true" duration-ms="1608" started-at="2021-02-10T11:06:16 IST" finished-at="2021-02-10T11:06:18 IST">
          <reporter-output>
          </reporter-output>
        </test-method> <!-- setUp -->
        <test-method status="PASS" signature="orderPetTest()[pri:0, instance:com.petstore.storeequests.OrderPetTest@5f3b9c57]" name="orderPetTest" duration-ms="7227" started-at="2021-02-10T11:06:18 IST" finished-at="2021-02-10T11:06:25 IST">
          <reporter-output>
          </reporter-output>
        </test-method> <!-- orderPetTest -->
        <test-method status="PASS" signature="tearDown()[pri:0, instance:com.petstore.storeequests.OrderPetTest@5f3b9c57]" name="tearDown" is-config="true" duration-ms="1" started-at="2021-02-10T11:06:25 IST" finished-at="2021-02-10T11:06:25 IST">
          <reporter-output>
          </reporter-output>
        </test-method> <!-- tearDown -->
      </class> <!-- com.petstore.storeequests.OrderPetTest -->
    </test> <!-- Default test -->
  </suite> <!-- Default suite -->
</testng-results>
